<?xml version="1.0" encoding="UTF-8"?>
<testng-results total="1" passed="1" failed="0" skipped="0">
  <reporter-output>
  </reporter-output>
  <suite started-at="2022-07-08T20:28:28Z" name="Default suite" finished-at="2022-07-08T20:28:43Z" duration-ms="14833">
    <groups>
    </groups>
    <test started-at="2022-07-08T20:28:28Z" name="Default test" finished-at="2022-07-08T20:28:43Z" duration-ms="14833">
      <class name="com.demoacti.tests.TaskListPageTest">
        <test-method is-config="true" signature="teamup()[pri:0, instance:com.demoacti.tests.TaskListPageTest@ae3540e]" started-at="2022-07-08T16:28:28Z" name="teamup" finished-at="2022-07-08T16:28:36Z" duration-ms="7445" status="PASS">
          <reporter-output>
          </reporter-output>
        </test-method> <!-- teamup -->
        <test-method signature="testloginfunction()[pri:0, instance:com.demoacti.tests.TaskListPageTest@ae3540e]" started-at="2022-07-08T16:28:36Z" name="testloginfunction" finished-at="2022-07-08T16:28:43Z" duration-ms="7234" status="PASS">
          <reporter-output>
          </reporter-output>
        </test-method> <!-- testloginfunction -->
        <test-method is-config="true" signature="teardown()[pri:0, instance:com.demoacti.tests.TaskListPageTest@ae3540e]" started-at="2022-07-08T16:28:43Z" name="teardown" finished-at="2022-07-08T16:28:43Z" duration-ms="132" status="PASS">
          <reporter-output>
          </reporter-output>
        </test-method> <!-- teardown -->
      </class> <!-- com.demoacti.tests.TaskListPageTest -->
    </test> <!-- Default test -->
  </suite> <!-- Default suite -->
</testng-results>
